0 info it worked if it ends with ok
1 verbose cli [ '/usr/bin/node', '/bin/npm', 'install', '.' ]
2 info using npm@1.4.29
3 info using node@v0.10.43
4 warn deprecated This version of npm lacks support for important features,
5 warn deprecated such as scoped packages, offered by the primary npm
6 warn deprecated registry. Consider upgrading to at least npm@2, if not the
7 warn deprecated latest stable version. To upgrade to npm@2, run:
8 warn deprecated npm -g install npm@latest-2
9 warn deprecated To upgrade to the latest stable version, run:
10 warn deprecated npm -g install npm@latest
11 warn deprecated (Depending on how Node.js was installed on your system, you
12 warn deprecated may need to prefix the preceding commands with `sudo`, or if
13 warn deprecated on Windows, run them from an Administrator prompt.)
14 warn deprecated If you're running the version of npm bundled with
15 warn deprecated Node.js 0.10 LTS, be aware that the next version of 0.10 LTS
16 warn deprecated will be bundled with a version of npm@2, which has some small
17 warn deprecated backwards-incompatible changes made to `npm run-script` and
18 warn deprecated semver behavior.
19 verbose readDependencies using package.json deps
20 verbose install where, deps [ '/home/soil/angular-bootstrap-colorpicker',
20 verbose install   [ 'grunt',
20 verbose install     'grunt-contrib-uglify',
20 verbose install     'grunt-contrib-less',
20 verbose install     'jasmine-core',
20 verbose install     'karma',
20 verbose install     'karma-chrome-launcher',
20 verbose install     'karma-cli',
20 verbose install     'karma-coverage',
20 verbose install     'karma-firefox-launcher',
20 verbose install     'karma-jasmine' ] ]
21 info preinstall angular-bootstrap-colorpicker@3.0.24
22 warn package.json gulp-minify-css@1.2.4 No repository field.
23 verbose readDependencies using package.json deps
24 verbose already installed skipping grunt@^1.0.1 /home/soil/angular-bootstrap-colorpicker
25 verbose already installed skipping grunt-contrib-uglify@^1.0.1 /home/soil/angular-bootstrap-colorpicker
26 verbose already installed skipping grunt-contrib-less@~0.8.2 /home/soil/angular-bootstrap-colorpicker
27 verbose already installed skipping jasmine-core@^2.3.4 /home/soil/angular-bootstrap-colorpicker
28 verbose already installed skipping karma@^0.13.9 /home/soil/angular-bootstrap-colorpicker
29 verbose already installed skipping karma-chrome-launcher@^0.2.0 /home/soil/angular-bootstrap-colorpicker
30 verbose already installed skipping karma-cli@0.1.0 /home/soil/angular-bootstrap-colorpicker
31 verbose already installed skipping karma-coverage@^0.5.1 /home/soil/angular-bootstrap-colorpicker
32 verbose already installed skipping karma-firefox-launcher@^0.1.6 /home/soil/angular-bootstrap-colorpicker
33 verbose already installed skipping karma-jasmine@^0.3.6 /home/soil/angular-bootstrap-colorpicker
34 silly resolved []
35 info build /home/soil/angular-bootstrap-colorpicker
36 verbose linkStuff [ false, false, false, '/home/soil' ]
37 info linkStuff angular-bootstrap-colorpicker@3.0.24
38 verbose linkBins angular-bootstrap-colorpicker@3.0.24
39 verbose linkMans angular-bootstrap-colorpicker@3.0.24
40 verbose rebuildBundles angular-bootstrap-colorpicker@3.0.24
41 verbose rebuildBundles [ '.bin',
41 verbose rebuildBundles   'grunt',
41 verbose rebuildBundles   'grunt-contrib-less',
41 verbose rebuildBundles   'grunt-contrib-uglify',
41 verbose rebuildBundles   'gulp',
41 verbose rebuildBundles   'gulp-jshint',
41 verbose rebuildBundles   'gulp-less',
41 verbose rebuildBundles   'gulp-minify-css',
41 verbose rebuildBundles   'gulp-rename',
41 verbose rebuildBundles   'gulp-uglify',
41 verbose rebuildBundles   'jasmine-core',
41 verbose rebuildBundles   'karma',
41 verbose rebuildBundles   'karma-chrome-launcher',
41 verbose rebuildBundles   'karma-cli',
41 verbose rebuildBundles   'karma-coverage',
41 verbose rebuildBundles   'karma-firefox-launcher',
41 verbose rebuildBundles   'karma-jasmine' ]
42 verbose rebuild bundle /home/soil/angular-bootstrap-colorpicker/node_modules/gulp
43 info build /home/soil/angular-bootstrap-colorpicker/node_modules/gulp
44 info preinstall gulp@3.9.1
45 verbose linkStuff [ false,
45 verbose linkStuff   false,
45 verbose linkStuff   false,
45 verbose linkStuff   '/home/soil/angular-bootstrap-colorpicker/node_modules' ]
46 info linkStuff gulp@3.9.1
47 verbose linkBins gulp@3.9.1
48 verbose link bins [ { gulp: './bin/gulp.js' },
48 verbose link bins   '/home/soil/angular-bootstrap-colorpicker/node_modules/.bin',
48 verbose link bins   false ]
49 verbose linkMans gulp@3.9.1
50 verbose rebuildBundles gulp@3.9.1
51 verbose rebuildBundles [ '.bin',
51 verbose rebuildBundles   'archy',
51 verbose rebuildBundles   'chalk',
51 verbose rebuildBundles   'deprecated',
51 verbose rebuildBundles   'gulp-util',
51 verbose rebuildBundles   'interpret',
51 verbose rebuildBundles   'liftoff',
51 verbose rebuildBundles   'minimist',
51 verbose rebuildBundles   'orchestrator',
51 verbose rebuildBundles   'pretty-hrtime',
51 verbose rebuildBundles   'semver',
51 verbose rebuildBundles   'tildify',
51 verbose rebuildBundles   'v8flags',
51 verbose rebuildBundles   'vinyl-fs' ]
52 info install gulp@3.9.1
53 info postinstall gulp@3.9.1
54 verbose rebuild bundle /home/soil/angular-bootstrap-colorpicker/node_modules/gulp-jshint
55 info build /home/soil/angular-bootstrap-colorpicker/node_modules/gulp-jshint
56 info preinstall gulp-jshint@1.12.0
57 verbose linkStuff [ false,
57 verbose linkStuff   false,
57 verbose linkStuff   false,
57 verbose linkStuff   '/home/soil/angular-bootstrap-colorpicker/node_modules' ]
58 info linkStuff gulp-jshint@1.12.0
59 verbose linkBins gulp-jshint@1.12.0
60 verbose linkMans gulp-jshint@1.12.0
61 verbose rebuildBundles gulp-jshint@1.12.0
62 verbose rebuildBundles [ '.bin',
62 verbose rebuildBundles   'gulp-util',
62 verbose rebuildBundles   'jshint',
62 verbose rebuildBundles   'lodash',
62 verbose rebuildBundles   'minimatch',
62 verbose rebuildBundles   'rcloader',
62 verbose rebuildBundles   'through2' ]
63 info install gulp-jshint@1.12.0
64 info postinstall gulp-jshint@1.12.0
65 verbose rebuild bundle /home/soil/angular-bootstrap-colorpicker/node_modules/gulp-less
66 info build /home/soil/angular-bootstrap-colorpicker/node_modules/gulp-less
67 info preinstall gulp-less@3.1.0
68 verbose linkStuff [ false,
68 verbose linkStuff   false,
68 verbose linkStuff   false,
68 verbose linkStuff   '/home/soil/angular-bootstrap-colorpicker/node_modules' ]
69 info linkStuff gulp-less@3.1.0
70 verbose linkBins gulp-less@3.1.0
71 verbose linkMans gulp-less@3.1.0
72 verbose rebuildBundles gulp-less@3.1.0
73 verbose rebuildBundles [ '.bin',
73 verbose rebuildBundles   'accord',
73 verbose rebuildBundles   'gulp-util',
73 verbose rebuildBundles   'less',
73 verbose rebuildBundles   'object-assign',
73 verbose rebuildBundles   'through2',
73 verbose rebuildBundles   'vinyl-sourcemaps-apply' ]
74 info install gulp-less@3.1.0
75 info postinstall gulp-less@3.1.0
76 verbose rebuild bundle /home/soil/angular-bootstrap-colorpicker/node_modules/gulp-minify-css
77 info build /home/soil/angular-bootstrap-colorpicker/node_modules/gulp-minify-css
78 info preinstall gulp-minify-css@1.2.4
79 verbose linkStuff [ false,
79 verbose linkStuff   false,
79 verbose linkStuff   false,
79 verbose linkStuff   '/home/soil/angular-bootstrap-colorpicker/node_modules' ]
80 info linkStuff gulp-minify-css@1.2.4
81 verbose linkBins gulp-minify-css@1.2.4
82 verbose linkMans gulp-minify-css@1.2.4
83 verbose rebuildBundles gulp-minify-css@1.2.4
84 verbose rebuildBundles [ '.bin',
84 verbose rebuildBundles   'clean-css',
84 verbose rebuildBundles   'gulp-util',
84 verbose rebuildBundles   'object-assign',
84 verbose rebuildBundles   'readable-stream',
84 verbose rebuildBundles   'vinyl-bufferstream',
84 verbose rebuildBundles   'vinyl-sourcemaps-apply' ]
85 info install gulp-minify-css@1.2.4
86 info postinstall gulp-minify-css@1.2.4
87 verbose rebuild bundle /home/soil/angular-bootstrap-colorpicker/node_modules/gulp-rename
88 info build /home/soil/angular-bootstrap-colorpicker/node_modules/gulp-rename
89 info preinstall gulp-rename@1.2.2
90 verbose linkStuff [ false,
90 verbose linkStuff   false,
90 verbose linkStuff   false,
90 verbose linkStuff   '/home/soil/angular-bootstrap-colorpicker/node_modules' ]
91 info linkStuff gulp-rename@1.2.2
92 verbose linkBins gulp-rename@1.2.2
93 verbose linkMans gulp-rename@1.2.2
94 verbose rebuildBundles gulp-rename@1.2.2
95 info install gulp-rename@1.2.2
96 info postinstall gulp-rename@1.2.2
97 verbose rebuild bundle /home/soil/angular-bootstrap-colorpicker/node_modules/gulp-uglify
98 info build /home/soil/angular-bootstrap-colorpicker/node_modules/gulp-uglify
99 info preinstall gulp-uglify@1.5.3
100 verbose linkStuff [ false,
100 verbose linkStuff   false,
100 verbose linkStuff   false,
100 verbose linkStuff   '/home/soil/angular-bootstrap-colorpicker/node_modules' ]
101 info linkStuff gulp-uglify@1.5.3
102 verbose linkBins gulp-uglify@1.5.3
103 verbose linkMans gulp-uglify@1.5.3
104 verbose rebuildBundles gulp-uglify@1.5.3
105 verbose rebuildBundles [ '.bin',
105 verbose rebuildBundles   'deap',
105 verbose rebuildBundles   'fancy-log',
105 verbose rebuildBundles   'gulp-util',
105 verbose rebuildBundles   'isobject',
105 verbose rebuildBundles   'through2',
105 verbose rebuildBundles   'uglify-js',
105 verbose rebuildBundles   'uglify-save-license',
105 verbose rebuildBundles   'vinyl-sourcemaps-apply' ]
106 info install gulp-uglify@1.5.3
107 info postinstall gulp-uglify@1.5.3
108 info install angular-bootstrap-colorpicker@3.0.24
109 info postinstall angular-bootstrap-colorpicker@3.0.24
110 info prepublish angular-bootstrap-colorpicker@3.0.24
111 error peerinvalid The package grunt does not satisfy its siblings' peerDependencies requirements!
111 error peerinvalid Peer grunt-contrib-less@0.8.3 wants grunt@~0.4.0
112 error System Linux 3.10.0-229.20.1.el7.x86_64
113 error command "/usr/bin/node" "/bin/npm" "install" "."
114 error cwd /home/soil/angular-bootstrap-colorpicker
115 error node -v v0.10.43
116 error npm -v 1.4.29
117 error code EPEERINVALID
118 verbose exit [ 1, true ]
